Oct 19 21:55:21  [info] $Fatal Error Details = Array
(
    [callback] => Array
        (
            [0] => CRM_Core_Error
            [1] => handle
        )

    [code] => -3
    [message] => DB Error: constraint violation
    [mode] => 16
    [debug_info] => 
                    INSERT INTO civicrm_dashboard_contact ( dashboard_id, contact_id )
                    VALUES  ( 1, 4686 ) [nativecode=1452 ** Cannot add or update a child row: a foreign key constraint fails (`class_civitemp`.`civicrm_dashboard_contact`, CONSTRAINT `FK_civicrm_dashboard_contact_contact_id` FOREIGN KEY (`contact_id`) REFERENCES `civicrm_contact` (`id`) ON DELETE CASCADE)]
    [type] => DB_Error
    [user_info] => 
                    INSERT INTO civicrm_dashboard_contact ( dashboard_id, contact_id )
                    VALUES  ( 1, 4686 ) [nativecode=1452 ** Cannot add or update a child row: a foreign key constraint fails (`class_civitemp`.`civicrm_dashboard_contact`, CONSTRAINT `FK_civicrm_dashboard_contact_contact_id` FOREIGN KEY (`contact_id`) REFERENCES `civicrm_contact` (`id`) ON DELETE CASCADE)]
    [to_string] => [db_error: message="DB Error: constraint violation" code=-3 mode=callback callback=CRM_Core_Error::handle prefix="" info="
                    INSERT INTO civicrm_dashboard_contact ( dashboard_id, contact_id )
                    VALUES  ( 1, 4686 ) [nativecode=1452 ** Cannot add or update a child row: a foreign key constraint fails (`class_civitemp`.`civicrm_dashboard_contact`, CONSTRAINT `FK_civicrm_dashboard_contact_contact_id` FOREIGN KEY (`contact_id`) REFERENCES `civicrm_contact` (`id`) ON DELETE CASCADE)]"]
)


Oct 19 21:55:21  [info] $backTrace = /home/class/public_html/sites/all/modules/civicrm/CRM/Core/Error.php, backtrace, 196
, handle, 
/home/class/public_html/sites/all/modules/civicrm/packages/PEAR.php, call_user_func, 931
/home/class/public_html/sites/all/modules/civicrm/packages/DB.php, PEAR_Error, 968
/home/class/public_html/sites/all/modules/civicrm/packages/PEAR.php, DB_Error, 564
/home/class/public_html/sites/all/modules/civicrm/packages/DB/common.php, raiseError, 1903
/home/class/public_html/sites/all/modules/civicrm/packages/DB/mysql.php, raiseError, 898
/home/class/public_html/sites/all/modules/civicrm/packages/DB/mysql.php, mysqlRaiseError, 327
/home/class/public_html/sites/all/modules/civicrm/packages/DB/common.php, simpleQuery, 1216
/home/class/public_html/sites/all/modules/civicrm/packages/DB/DataObject.php, query, 2421
/home/class/public_html/sites/all/modules/civicrm/packages/DB/DataObject.php, _query, 1613
/home/class/public_html/sites/all/modules/civicrm/CRM/Core/DAO.php, query, 155
/home/class/public_html/sites/all/modules/civicrm/CRM/Core/DAO.php, query, 888
/home/class/public_html/sites/all/modules/civicrm/CRM/Core/BAO/Dashboard.php, executeQuery, 132
/home/class/public_html/sites/all/modules/civicrm/CRM/Contact/Page/AJAX.php, getContactDashlets, 879
, dashboard, 
/home/class/public_html/sites/all/modules/civicrm/CRM/Core/Invoke.php, call_user_func, 186
/home/class/public_html/sites/all/modules/civicrm/drupal/civicrm.module, invoke, 500
, civicrm_invoke, 
/home/class/public_html/includes/menu.inc, call_user_func_array, 517
/home/class/public_html/index.php, menu_execute_active_handler, 21

